0 info it worked if it ends with ok
1 verbose cli [ '/usr/local/Cellar/node/8.6.0/bin/node',
1 verbose cli   '/usr/local/bin/npm',
1 verbose cli   'run',
1 verbose cli   'dev:server:build' ]
2 info using npm@3.10.10
3 info using node@v8.11.1
4 verbose run-script [ 'predev:server:build',
4 verbose run-script   'dev:server:build',
4 verbose run-script   'postdev:server:build' ]
5 info lifecycle react-starter@0.0.0~predev:server:build: react-starter@0.0.0
6 silly lifecycle react-starter@0.0.0~predev:server:build: no script for predev:server:build, continuing
7 info lifecycle react-starter@0.0.0~dev:server:build: react-starter@0.0.0
8 verbose lifecycle react-starter@0.0.0~dev:server:build: unsafe-perm in lifecycle true
9 verbose lifecycle react-starter@0.0.0~dev:server:build: PATH: /usr/local/lib/node_modules/npm/bin/node-gyp-bin:/Users/mattanglin/dev/react-starter/node_modules/.bin:/usr/local/lib/node_modules/npm/bin/node-gyp-bin:/Users/mattanglin/dev/react-starter/node_modules/.bin:/usr/local/lib/node_modules/npm/bin/node-gyp-bin:/Users/mattanglin/dev/react-starter/node_modules/.bin:/usr/local/Cellar/node/8.6.0/bin:/var/folders/07/yhcbr65d2p31dccknswq0qlh0000gn/T/yarn--1552536382629-0.5158367682392793:/Users/mattanglin/dev/react-starter/node_modules/.bin:/Users/mattanglin/.config/yarn/link/node_modules/.bin:/Users/mattanglin/dev/react-starter/node_modules/.bin:/Users/mattanglin/.config/yarn/link/node_modules/.bin:/usr/local/Cellar/node/8.6.0/libexec/lib/node_modules/npm/bin/node-gyp-bin:/usr/local/Cellar/node/8.6.0/lib/node_modules/npm/bin/node-gyp-bin:/usr/local/Cellar/node/8.6.0/bin/node_modules/npm/bin/node-gyp-bin:/usr/local/Cellar/node/8.6.0/bin:/Library/Frameworks/Python.framework/Versions/3.6/bin:/usr/local/bin:/usr/bin:/bin:/usr/sbin:/sbin
10 verbose lifecycle react-starter@0.0.0~dev:server:build: CWD: /Users/mattanglin/dev/react-starter
11 silly lifecycle react-starter@0.0.0~dev:server:build: Args: [ '-c', 'better-npm-run dev:server:build' ]
12 silly lifecycle react-starter@0.0.0~dev:server:build: Returned: code: 1  signal: null
13 info lifecycle react-starter@0.0.0~dev:server:build: Failed to exec dev:server:build script
14 verbose stack Error: react-starter@0.0.0 dev:server:build: `better-npm-run dev:server:build`
14 verbose stack Exit status 1
14 verbose stack     at EventEmitter.<anonymous> (/usr/local/lib/node_modules/npm/lib/utils/lifecycle.js:255:16)
14 verbose stack     at emitTwo (events.js:126:13)
14 verbose stack     at EventEmitter.emit (events.js:214:7)
14 verbose stack     at ChildProcess.<anonymous> (/usr/local/lib/node_modules/npm/lib/utils/spawn.js:40:14)
14 verbose stack     at emitTwo (events.js:126:13)
14 verbose stack     at ChildProcess.emit (events.js:214:7)
14 verbose stack     at maybeClose (internal/child_process.js:925:16)
14 verbose stack     at Process.ChildProcess._handle.onexit (internal/child_process.js:209:5)
15 verbose pkgid react-starter@0.0.0
16 verbose cwd /Users/mattanglin/dev/react-starter
17 error Darwin 18.2.0
18 error argv "/usr/local/Cellar/node/8.6.0/bin/node" "/usr/local/bin/npm" "run" "dev:server:build"
19 error node v8.11.1
20 error npm  v3.10.10
21 error code ELIFECYCLE
22 error react-starter@0.0.0 dev:server:build: `better-npm-run dev:server:build`
22 error Exit status 1
23 error Failed at the react-starter@0.0.0 dev:server:build script 'better-npm-run dev:server:build'.
23 error Make sure you have the latest version of node.js and npm installed.
23 error If you do, this is most likely a problem with the react-starter package,
23 error not with npm itself.
23 error Tell the author that this fails on your system:
23 error     better-npm-run dev:server:build
23 error You can get information on how to open an issue for this project with:
23 error     npm bugs react-starter
23 error Or if that isn't available, you can get their info via:
23 error     npm owner ls react-starter
23 error There is likely additional logging output above.
24 verbose exit [ 1, true ]
